2025-04-11 13:48:08,011 - Input: {'flight_cycle': 100.0, 'egt_probe_average': 500.0, 'fuel_flw': 300.0, 'core_spd': 95.0, 'zpn12p': 50.0, 'vib_n1_1_bearing': 0.02, 'vib_n2_1_bearing': 0.03, 'vib_n2_turbine_frame': 0.04}, Prediction: 4009.06787109375
2025-04-11 13:48:18,126 - Input: {'flight_cycle': 2500.0, 'egt_probe_average': 500.0, 'fuel_flw': 300.0, 'core_spd': 95.0, 'zpn12p': 50.0, 'vib_n1_1_bearing': 0.02, 'vib_n2_1_bearing': 0.03, 'vib_n2_turbine_frame': 0.04}, Prediction: 1630.5672607421875
2025-04-11 13:49:29,896 - Input: {'flight_cycle': 2500.0, 'egt_probe_average': 500.0, 'fuel_flw': 300.0, 'core_spd': 95.0, 'zpn12p': 50.0, 'vib_n1_1_bearing': 0.02, 'vib_n2_1_bearing': 0.03, 'vib_n2_turbine_frame': 0.04}, Prediction: 1630.5672607421875
2025-04-11 13:49:31,390 - Input: {'flight_cycle': 2500.0, 'egt_probe_average': 500.0, 'fuel_flw': 300.0, 'core_spd': 95.0, 'zpn12p': 50.0, 'vib_n1_1_bearing': 0.02, 'vib_n2_1_bearing': 0.03, 'vib_n2_turbine_frame': 0.04}, Prediction: 1630.5672607421875
2025-04-11 13:49:34,846 - Input: {'flight_cycle': 100.0, 'egt_probe_average': 500.0, 'fuel_flw': 300.0, 'core_spd': 95.0, 'zpn12p': 50.0, 'vib_n1_1_bearing': 0.02, 'vib_n2_1_bearing': 0.03, 'vib_n2_turbine_frame': 0.04}, Prediction: 4009.06787109375
2025-04-11 13:49:51,033 - Input: {'flight_cycle': 100.0, 'egt_probe_average': 500.0, 'fuel_flw': 300.0, 'core_spd': 95.0, 'zpn12p': 50.0, 'vib_n1_1_bearing': 0.02, 'vib_n2_1_bearing': 0.03, 'vib_n2_turbine_frame': 0.04}, Prediction: 4009.06787109375
2025-04-11 13:56:08,303 - Input: {'flight_cycle': 100.0, 'egt_probe_average': 500.0, 'fuel_flw': 300.0, 'core_spd': 95.0, 'zpn12p': 50.0, 'vib_n1_1_bearing': 0.02, 'vib_n2_1_bearing': 0.03, 'vib_n2_turbine_frame': 0.04}, Prediction: 4009.06787109375
2025-04-11 14:03:26,197 - Input: {'flight_cycle': 100.0, 'egt_probe_average': 500.0, 'fuel_flw': 300.0, 'core_spd': 95.0, 'zpn12p': 50.0, 'vib_n1_1_bearing': 0.02, 'vib_n2_1_bearing': 0.03, 'vib_n2_turbine_frame': 0.04}, Prediction: 4009.06787109375
2025-04-11 14:05:19,787 - Input: {'flight_cycle': 100.0, 'egt_probe_average': 500.0, 'fuel_flw': 300.0, 'core_spd': 95.0, 'zpn12p': 50.0, 'vib_n1_1_bearing': 0.02, 'vib_n2_1_bearing': 0.03, 'vib_n2_turbine_frame': 0.04}, Prediction: 4009.06787109375
2025-04-11 14:06:46,656 - Input: {'flight_cycle': 100.0, 'egt_probe_average': 500.0, 'fuel_flw': 300.0, 'core_spd': 95.0, 'zpn12p': 50.0, 'vib_n1_1_bearing': 0.02, 'vib_n2_1_bearing': 0.03, 'vib_n2_turbine_frame': 0.04}, Prediction: 4009.06787109375
2025-04-11 14:06:52,167 - Input: {'flight_cycle': 100.0, 'egt_probe_average': 500.0, 'fuel_flw': 300.0, 'core_spd': 95.0, 'zpn12p': 50.0, 'vib_n1_1_bearing': 0.02, 'vib_n2_1_bearing': 0.03, 'vib_n2_turbine_frame': 0.04}, Prediction: 4009.06787109375
2025-04-11 14:07:49,148 - Input: {'flight_cycle': 100.0, 'egt_probe_average': 500.0, 'fuel_flw': 300.0, 'core_spd': 95.0, 'zpn12p': 50.0, 'vib_n1_1_bearing': 0.02, 'vib_n2_1_bearing': 0.03, 'vib_n2_turbine_frame': 0.04}, Prediction: 4009.06787109375
2025-04-11 14:08:00,503 - Input: {'flight_cycle': 1500.0, 'egt_probe_average': 500.0, 'fuel_flw': 300.0, 'core_spd': 95.0, 'zpn12p': 50.0, 'vib_n1_1_bearing': 0.02, 'vib_n2_1_bearing': 0.03, 'vib_n2_turbine_frame': 0.04}, Prediction: 2743.53564453125
2025-04-11 14:08:04,747 - Input: {'flight_cycle': 2000.0, 'egt_probe_average': 500.0, 'fuel_flw': 300.0, 'core_spd': 95.0, 'zpn12p': 50.0, 'vib_n1_1_bearing': 0.02, 'vib_n2_1_bearing': 0.03, 'vib_n2_turbine_frame': 0.04}, Prediction: 2159.908447265625
2025-04-11 14:11:56,506 - Input: {'flight_cycle': 100.0, 'egt_probe_average': 500.0, 'fuel_flw': 300.0, 'core_spd': 95.0, 'zpn12p': 50.0, 'vib_n1_1_bearing': 0.02, 'vib_n2_1_bearing': 0.03, 'vib_n2_turbine_frame': 0.04}, Prediction: 4009.06787109375
2025-04-11 14:12:04,749 - Input: {'flight_cycle': 100.0, 'egt_probe_average': 650.0, 'fuel_flw': 300.0, 'core_spd': 95.0, 'zpn12p': 50.0, 'vib_n1_1_bearing': 0.02, 'vib_n2_1_bearing': 0.03, 'vib_n2_turbine_frame': 0.04}, Prediction: 4009.06787109375
2025-04-11 14:12:06,488 - Input: {'flight_cycle': 100.0, 'egt_probe_average': 650.0, 'fuel_flw': 300.0, 'core_spd': 95.0, 'zpn12p': 50.0, 'vib_n1_1_bearing': 0.02, 'vib_n2_1_bearing': 0.03, 'vib_n2_turbine_frame': 0.04}, Prediction: 4009.06787109375
2025-04-11 14:12:10,005 - Input: {'flight_cycle': 100.0, 'egt_probe_average': 690.0, 'fuel_flw': 300.0, 'core_spd': 95.0, 'zpn12p': 50.0, 'vib_n1_1_bearing': 0.02, 'vib_n2_1_bearing': 0.03, 'vib_n2_turbine_frame': 0.04}, Prediction: 4056.586669921875
2025-04-11 14:12:15,365 - Input: {'flight_cycle': 1000.0, 'egt_probe_average': 690.0, 'fuel_flw': 300.0, 'core_spd': 95.0, 'zpn12p': 50.0, 'vib_n1_1_bearing': 0.02, 'vib_n2_1_bearing': 0.03, 'vib_n2_turbine_frame': 0.04}, Prediction: 3218.177978515625
2025-04-11 14:12:21,272 - Input: {'flight_cycle': 1000.0, 'egt_probe_average': 700.0, 'fuel_flw': 300.0, 'core_spd': 95.0, 'zpn12p': 50.0, 'vib_n1_1_bearing': 0.02, 'vib_n2_1_bearing': 0.03, 'vib_n2_turbine_frame': 0.04}, Prediction: 3282.683837890625
2025-04-11 14:12:25,829 - Input: {'flight_cycle': 1000.0, 'egt_probe_average': 800.0, 'fuel_flw': 300.0, 'core_spd': 95.0, 'zpn12p': 50.0, 'vib_n1_1_bearing': 0.02, 'vib_n2_1_bearing': 0.03, 'vib_n2_turbine_frame': 0.04}, Prediction: 3270.954345703125
2025-04-11 14:12:29,179 - Input: {'flight_cycle': 1000.0, 'egt_probe_average': 900.0, 'fuel_flw': 300.0, 'core_spd': 95.0, 'zpn12p': 50.0, 'vib_n1_1_bearing': 0.02, 'vib_n2_1_bearing': 0.03, 'vib_n2_turbine_frame': 0.04}, Prediction: 4189.61962890625
2025-04-11 14:12:55,667 - Input: {'flight_cycle': 1000.0, 'egt_probe_average': 500.0, 'fuel_flw': 5500.0, 'core_spd': 95.0, 'zpn12p': 50.0, 'vib_n1_1_bearing': 0.02, 'vib_n2_1_bearing': 0.03, 'vib_n2_turbine_frame': 0.04}, Prediction: 2937.38427734375
2025-04-11 14:13:00,512 - Input: {'flight_cycle': 1000.0, 'egt_probe_average': 500.0, 'fuel_flw': 5000.0, 'core_spd': 95.0, 'zpn12p': 50.0, 'vib_n1_1_bearing': 0.02, 'vib_n2_1_bearing': 0.03, 'vib_n2_turbine_frame': 0.04}, Prediction: 3024.591552734375
2025-04-11 14:13:06,723 - Input: {'flight_cycle': 1000.0, 'egt_probe_average': 650.0, 'fuel_flw': 5000.0, 'core_spd': 95.0, 'zpn12p': 50.0, 'vib_n1_1_bearing': 0.02, 'vib_n2_1_bearing': 0.03, 'vib_n2_turbine_frame': 0.04}, Prediction: 3024.591552734375
2025-04-11 14:13:07,638 - Input: {'flight_cycle': 1000.0, 'egt_probe_average': 650.0, 'fuel_flw': 5000.0, 'core_spd': 95.0, 'zpn12p': 50.0, 'vib_n1_1_bearing': 0.02, 'vib_n2_1_bearing': 0.03, 'vib_n2_turbine_frame': 0.04}, Prediction: 3024.591552734375
2025-04-11 14:13:09,168 - Input: {'flight_cycle': 1000.0, 'egt_probe_average': 650.0, 'fuel_flw': 5000.0, 'core_spd': 95.0, 'zpn12p': 50.0, 'vib_n1_1_bearing': 0.02, 'vib_n2_1_bearing': 0.03, 'vib_n2_turbine_frame': 0.04}, Prediction: 3024.591552734375
2025-04-11 14:13:14,351 - Input: {'flight_cycle': 1000.0, 'egt_probe_average': 660.0, 'fuel_flw': 5000.0, 'core_spd': 95.0, 'zpn12p': 50.0, 'vib_n1_1_bearing': 0.02, 'vib_n2_1_bearing': 0.03, 'vib_n2_turbine_frame': 0.04}, Prediction: 3024.591552734375
2025-04-11 14:13:18,123 - Input: {'flight_cycle': 1000.0, 'egt_probe_average': 680.0, 'fuel_flw': 5000.0, 'core_spd': 95.0, 'zpn12p': 50.0, 'vib_n1_1_bearing': 0.02, 'vib_n2_1_bearing': 0.03, 'vib_n2_turbine_frame': 0.04}, Prediction: 3063.837646484375
2025-04-11 14:13:22,466 - Input: {'flight_cycle': 1000.0, 'egt_probe_average': 700.0, 'fuel_flw': 5000.0, 'core_spd': 95.0, 'zpn12p': 50.0, 'vib_n1_1_bearing': 0.02, 'vib_n2_1_bearing': 0.03, 'vib_n2_turbine_frame': 0.04}, Prediction: 3139.43994140625
2025-04-11 14:16:49,218 - Input: {'flight_cycle': 100.0, 'egt_probe_average': 500.0, 'fuel_flw': 300.0, 'core_spd': 95.0, 'zpn12p': 50.0, 'vib_n1_1_bearing': 0.02, 'vib_n2_1_bearing': 0.03, 'vib_n2_turbine_frame': 0.04}, Prediction: 4009.06787109375
2025-04-11 14:16:56,231 - Input: {'flight_cycle': 2000.0, 'egt_probe_average': 660.0, 'fuel_flw': 300.0, 'core_spd': 95.0, 'zpn12p': 50.0, 'vib_n1_1_bearing': 0.02, 'vib_n2_1_bearing': 0.03, 'vib_n2_turbine_frame': 0.04}, Prediction: 2159.908447265625
2025-04-11 14:17:02,921 - Input: {'flight_cycle': 2000.0, 'egt_probe_average': 700.0, 'fuel_flw': 300.0, 'core_spd': 95.0, 'zpn12p': 50.0, 'vib_n1_1_bearing': 0.02, 'vib_n2_1_bearing': 0.03, 'vib_n2_turbine_frame': 0.04}, Prediction: 2156.04833984375
2025-04-11 14:17:03,927 - Input: {'flight_cycle': 2000.0, 'egt_probe_average': 700.0, 'fuel_flw': 300.0, 'core_spd': 95.0, 'zpn12p': 50.0, 'vib_n1_1_bearing': 0.02, 'vib_n2_1_bearing': 0.03, 'vib_n2_turbine_frame': 0.04}, Prediction: 2156.04833984375
2025-04-11 14:17:04,120 - Input: {'flight_cycle': 2000.0, 'egt_probe_average': 700.0, 'fuel_flw': 300.0, 'core_spd': 95.0, 'zpn12p': 50.0, 'vib_n1_1_bearing': 0.02, 'vib_n2_1_bearing': 0.03, 'vib_n2_turbine_frame': 0.04}, Prediction: 2156.04833984375
2025-04-11 14:17:07,988 - Input: {'flight_cycle': 2000.0, 'egt_probe_average': 800.0, 'fuel_flw': 300.0, 'core_spd': 95.0, 'zpn12p': 50.0, 'vib_n1_1_bearing': 0.02, 'vib_n2_1_bearing': 0.03, 'vib_n2_turbine_frame': 0.04}, Prediction: 2004.4862060546875
2025-04-11 14:17:11,724 - Input: {'flight_cycle': 2000.0, 'egt_probe_average': 900.0, 'fuel_flw': 300.0, 'core_spd': 95.0, 'zpn12p': 50.0, 'vib_n1_1_bearing': 0.02, 'vib_n2_1_bearing': 0.03, 'vib_n2_turbine_frame': 0.04}, Prediction: 2251.347900390625
2025-04-11 14:17:20,481 - Input: {'flight_cycle': 2000.0, 'egt_probe_average': 600.0, 'fuel_flw': 300.0, 'core_spd': 95.0, 'zpn12p': 50.0, 'vib_n1_1_bearing': 0.02, 'vib_n2_1_bearing': 0.03, 'vib_n2_turbine_frame': 0.04}, Prediction: 2159.908447265625
2025-04-11 14:17:26,055 - Input: {'flight_cycle': 2000.0, 'egt_probe_average': 600.0, 'fuel_flw': 5000.0, 'core_spd': 95.0, 'zpn12p': 50.0, 'vib_n1_1_bearing': 0.02, 'vib_n2_1_bearing': 0.03, 'vib_n2_turbine_frame': 0.04}, Prediction: 1986.0771484375
2025-04-11 14:17:29,997 - Input: {'flight_cycle': 2000.0, 'egt_probe_average': 600.0, 'fuel_flw': 5500.0, 'core_spd': 95.0, 'zpn12p': 50.0, 'vib_n1_1_bearing': 0.02, 'vib_n2_1_bearing': 0.03, 'vib_n2_turbine_frame': 0.04}, Prediction: 2069.35888671875
2025-04-11 14:17:37,706 - Input: {'flight_cycle': 2000.0, 'egt_probe_average': 600.0, 'fuel_flw': 5000.0, 'core_spd': 95.0, 'zpn12p': 50.0, 'vib_n1_1_bearing': 0.02, 'vib_n2_1_bearing': 0.03, 'vib_n2_turbine_frame': 0.04}, Prediction: 1986.0771484375
2025-04-11 14:17:56,165 - Input: {'flight_cycle': 2000.0, 'egt_probe_average': 600.0, 'fuel_flw': 5000.0, 'core_spd': 95.0, 'zpn12p': 50.0, 'vib_n1_1_bearing': 0.02, 'vib_n2_1_bearing': 0.03, 'vib_n2_turbine_frame': 0.04}, Prediction: 1986.0771484375
2025-04-11 14:17:56,810 - Input: {'flight_cycle': 2000.0, 'egt_probe_average': 600.0, 'fuel_flw': 5000.0, 'core_spd': 95.0, 'zpn12p': 50.0, 'vib_n1_1_bearing': 0.02, 'vib_n2_1_bearing': 0.03, 'vib_n2_turbine_frame': 0.04}, Prediction: 1986.0771484375
2025-04-11 14:17:57,124 - Input: {'flight_cycle': 2000.0, 'egt_probe_average': 600.0, 'fuel_flw': 5000.0, 'core_spd': 95.0, 'zpn12p': 50.0, 'vib_n1_1_bearing': 0.02, 'vib_n2_1_bearing': 0.03, 'vib_n2_turbine_frame': 0.04}, Prediction: 1986.0771484375
2025-04-11 14:17:57,328 - Input: {'flight_cycle': 2000.0, 'egt_probe_average': 600.0, 'fuel_flw': 5000.0, 'core_spd': 95.0, 'zpn12p': 50.0, 'vib_n1_1_bearing': 0.02, 'vib_n2_1_bearing': 0.03, 'vib_n2_turbine_frame': 0.04}, Prediction: 1986.0771484375
2025-04-11 14:17:57,514 - Input: {'flight_cycle': 2000.0, 'egt_probe_average': 600.0, 'fuel_flw': 5000.0, 'core_spd': 95.0, 'zpn12p': 50.0, 'vib_n1_1_bearing': 0.02, 'vib_n2_1_bearing': 0.03, 'vib_n2_turbine_frame': 0.04}, Prediction: 1986.0771484375
2025-04-11 14:17:57,686 - Input: {'flight_cycle': 2000.0, 'egt_probe_average': 600.0, 'fuel_flw': 5000.0, 'core_spd': 95.0, 'zpn12p': 50.0, 'vib_n1_1_bearing': 0.02, 'vib_n2_1_bearing': 0.03, 'vib_n2_turbine_frame': 0.04}, Prediction: 1986.0771484375
2025-04-11 14:17:57,867 - Input: {'flight_cycle': 2000.0, 'egt_probe_average': 600.0, 'fuel_flw': 5000.0, 'core_spd': 95.0, 'zpn12p': 50.0, 'vib_n1_1_bearing': 0.02, 'vib_n2_1_bearing': 0.03, 'vib_n2_turbine_frame': 0.04}, Prediction: 1986.0771484375
2025-04-11 14:17:58,062 - Input: {'flight_cycle': 2000.0, 'egt_probe_average': 600.0, 'fuel_flw': 5000.0, 'core_spd': 95.0, 'zpn12p': 50.0, 'vib_n1_1_bearing': 0.02, 'vib_n2_1_bearing': 0.03, 'vib_n2_turbine_frame': 0.04}, Prediction: 1986.0771484375
2025-04-11 14:17:58,302 - Input: {'flight_cycle': 2000.0, 'egt_probe_average': 600.0, 'fuel_flw': 5000.0, 'core_spd': 95.0, 'zpn12p': 50.0, 'vib_n1_1_bearing': 0.02, 'vib_n2_1_bearing': 0.03, 'vib_n2_turbine_frame': 0.04}, Prediction: 1986.0771484375
2025-04-20 23:46:45,021 - Validation error: Invalid model_choice. Choose from xgboost, randomforest, extratrees, average.
2025-04-20 23:46:48,270 - Validation error: Invalid model_choice. Choose from xgboost, randomforest, extratrees, average.
2025-04-20 23:49:09,440 - Validation error: Invalid model_choice. Choose from xgboost, randomforest, extratrees, average.
2025-04-20 23:49:19,212 - Input: {'flight_cycle': 0.0, 'egt_probe_average': 0.0, 'fuel_flw': 0.0, 'core_spd': 0.0, 'zpn12p': 0.0, 'vib_n1_1_bearing': 0.0, 'vib_n2_1_bearing': 0.0, 'vib_n2_turbine_frame': 0.0, 'flight_phase_CRUISE': 0, 'flight_phase_TAKEOFF': 0, 'flight_phase_CLIMB': 0, 'model_choice': 'xgboost'}, Model: xgboost, Prediction: 4526
2025-04-20 23:59:04,903 - Validation error: The feature names should match those that were passed during fit.
Feature names unseen at fit time:
- flight_phase_CLIMB

2025-04-21 00:00:31,682 - Validation error: The feature names should match those that were passed during fit.
Feature names unseen at fit time:
- flight_phase_CLIMB

2025-04-21 00:00:44,953 - Validation error: The feature names should match those that were passed during fit.
Feature names unseen at fit time:
- flight_phase_CLIMB

2025-04-21 00:02:44,059 - Validation error: The feature names should match those that were passed during fit.
Feature names unseen at fit time:
- flight_phase_CLIMB

2025-04-21 00:02:47,693 - Validation error: The feature names should match those that were passed during fit.
Feature names unseen at fit time:
- flight_phase_CLIMB

2025-04-21 00:03:04,743 - Validation error: The feature names should match those that were passed during fit.
Feature names unseen at fit time:
- flight_phase_CLIMB

2025-04-21 00:03:05,507 - Validation error: The feature names should match those that were passed during fit.
Feature names unseen at fit time:
- flight_phase_CLIMB

2025-04-21 00:03:05,696 - Validation error: The feature names should match those that were passed during fit.
Feature names unseen at fit time:
- flight_phase_CLIMB

2025-04-21 00:03:20,302 - Validation error: The feature names should match those that were passed during fit.
Feature names unseen at fit time:
- flight_phase_CLIMB

2025-04-21 00:08:20,968 - Validation error: The feature names should match those that were passed during fit.
Feature names unseen at fit time:
- flight_phase_CLIMB

2025-04-21 00:10:18,507 - Validation error: The feature names should match those that were passed during fit.
Feature names unseen at fit time:
- flight_phase_CLIMB

2025-04-21 00:57:10,761 - Validation error: The feature names should match those that were passed during fit.
Feature names unseen at fit time:
- flight_phase_CLIMB

2025-04-21 00:57:11,525 - Validation error: The feature names should match those that were passed during fit.
Feature names unseen at fit time:
- flight_phase_CLIMB

2025-04-21 00:57:33,446 - Validation error: The feature names should match those that were passed during fit.
Feature names unseen at fit time:
- flight_phase_CLIMB

2025-04-21 00:57:35,555 - Validation error: The feature names should match those that were passed during fit.
Feature names must be in the same order as they were in fit.

2025-04-21 00:57:40,677 - Validation error: The feature names should match those that were passed during fit.
Feature names must be in the same order as they were in fit.

2025-04-21 00:57:43,229 - Validation error: The feature names should match those that were passed during fit.
Feature names unseen at fit time:
- flight_phase_CLIMB

2025-04-21 01:04:30,042 - Validation error: The feature names should match those that were passed during fit.
Feature names unseen at fit time:
- flight_phase_CLIMB

2025-04-21 01:04:30,732 - Validation error: The feature names should match those that were passed during fit.
Feature names unseen at fit time:
- flight_phase_CLIMB

2025-04-21 01:05:06,141 - Validation error: The feature names should match those that were passed during fit.
Feature names unseen at fit time:
- flight_phase_CLIMB

2025-04-21 01:06:51,912 - Validation error: The feature names should match those that were passed during fit.
Feature names unseen at fit time:
- flight_phase_CLIMB

2025-04-21 01:07:10,408 - Validation error: The feature names should match those that were passed during fit.
Feature names unseen at fit time:
- flight_phase_CLIMB

2025-04-21 01:22:42,154 - Validation error: The feature names should match those that were passed during fit.
Feature names must be in the same order as they were in fit.

2025-04-21 01:25:55,952 - Input: {'flight_cycle': 0.0, 'egt_probe_average': 0.0, 'fuel_flw': 0.0, 'core_spd': 0.0, 'zpn12p': 0.0, 'vib_n1_1_bearing': 0.0, 'vib_n2_1_bearing': 0.0, 'vib_n2_turbine_frame': 0.0, 'flight_phase_CRUISE': 1, 'flight_phase_TAKEOFF': 0, 'flight_phase_CLIMB': 0, 'model_choice': 'xgboost'}, Model: xgboost, Prediction: 4369
2025-04-21 01:29:00,886 - Input: {'flight_cycle': 2500.0, 'egt_probe_average': 777.5, 'fuel_flw': 3396.0, 'core_spd': 100.0, 'zpn12p': 71.5, 'vib_n1_1_bearing': 0.2, 'vib_n2_1_bearing': 0.625, 'vib_n2_turbine_frame': 1.0, 'flight_phase_CRUISE': 1, 'flight_phase_TAKEOFF': 0, 'flight_phase_CLIMB': 0, 'model_choice': 'xgboost'}, Model: xgboost, Prediction: 1723
2025-04-21 01:29:08,550 - Input: {'flight_cycle': 3000.0, 'egt_probe_average': 777.5, 'fuel_flw': 3396.0, 'core_spd': 100.0, 'zpn12p': 71.5, 'vib_n1_1_bearing': 0.2, 'vib_n2_1_bearing': 0.625, 'vib_n2_turbine_frame': 1.0, 'flight_phase_CRUISE': 1, 'flight_phase_TAKEOFF': 0, 'flight_phase_CLIMB': 0, 'model_choice': 'xgboost'}, Model: xgboost, Prediction: 1125
2025-04-21 01:29:11,110 - Input: {'flight_cycle': 3000.0, 'egt_probe_average': 777.5, 'fuel_flw': 3396.0, 'core_spd': 100.0, 'zpn12p': 71.5, 'vib_n1_1_bearing': 0.2, 'vib_n2_1_bearing': 0.625, 'vib_n2_turbine_frame': 1.0, 'flight_phase_CRUISE': 1, 'flight_phase_TAKEOFF': 0, 'flight_phase_CLIMB': 0, 'model_choice': 'extratrees'}, Model: extratrees, Prediction: 1330
2025-04-21 01:29:13,544 - Input: {'flight_cycle': 3000.0, 'egt_probe_average': 777.5, 'fuel_flw': 3396.0, 'core_spd': 100.0, 'zpn12p': 71.5, 'vib_n1_1_bearing': 0.2, 'vib_n2_1_bearing': 0.625, 'vib_n2_turbine_frame': 1.0, 'flight_phase_CRUISE': 1, 'flight_phase_TAKEOFF': 0, 'flight_phase_CLIMB': 0, 'model_choice': 'randomforest'}, Model: randomforest, Prediction: 1238
2025-04-21 01:29:15,869 - Input: {'flight_cycle': 3000.0, 'egt_probe_average': 777.5, 'fuel_flw': 3396.0, 'core_spd': 100.0, 'zpn12p': 71.5, 'vib_n1_1_bearing': 0.2, 'vib_n2_1_bearing': 0.625, 'vib_n2_turbine_frame': 1.0, 'flight_phase_CRUISE': 1, 'flight_phase_TAKEOFF': 0, 'flight_phase_CLIMB': 0, 'model_choice': 'average'}, Model: average, Prediction: 1231
2025-04-21 01:29:18,690 - Input: {'flight_cycle': 3000.0, 'egt_probe_average': 777.5, 'fuel_flw': 3396.0, 'core_spd': 100.0, 'zpn12p': 71.5, 'vib_n1_1_bearing': 0.2, 'vib_n2_1_bearing': 0.625, 'vib_n2_turbine_frame': 1.0, 'flight_phase_CRUISE': 1, 'flight_phase_TAKEOFF': 0, 'flight_phase_CLIMB': 0, 'model_choice': 'xgboost'}, Model: xgboost, Prediction: 1125
2025-04-21 01:29:20,959 - Input: {'flight_cycle': 3000.0, 'egt_probe_average': 777.5, 'fuel_flw': 3396.0, 'core_spd': 100.0, 'zpn12p': 71.5, 'vib_n1_1_bearing': 0.2, 'vib_n2_1_bearing': 0.625, 'vib_n2_turbine_frame': 1.0, 'flight_phase_CRUISE': 1, 'flight_phase_TAKEOFF': 0, 'flight_phase_CLIMB': 0, 'model_choice': 'extratrees'}, Model: extratrees, Prediction: 1330
2025-04-21 01:29:22,806 - Input: {'flight_cycle': 3000.0, 'egt_probe_average': 777.5, 'fuel_flw': 3396.0, 'core_spd': 100.0, 'zpn12p': 71.5, 'vib_n1_1_bearing': 0.2, 'vib_n2_1_bearing': 0.625, 'vib_n2_turbine_frame': 1.0, 'flight_phase_CRUISE': 1, 'flight_phase_TAKEOFF': 0, 'flight_phase_CLIMB': 0, 'model_choice': 'randomforest'}, Model: randomforest, Prediction: 1238
2025-04-21 01:29:24,965 - Input: {'flight_cycle': 3000.0, 'egt_probe_average': 777.5, 'fuel_flw': 3396.0, 'core_spd': 100.0, 'zpn12p': 71.5, 'vib_n1_1_bearing': 0.2, 'vib_n2_1_bearing': 0.625, 'vib_n2_turbine_frame': 1.0, 'flight_phase_CRUISE': 1, 'flight_phase_TAKEOFF': 0, 'flight_phase_CLIMB': 0, 'model_choice': 'average'}, Model: average, Prediction: 1231
2025-04-21 01:29:28,242 - Input: {'flight_cycle': 3000.0, 'egt_probe_average': 777.5, 'fuel_flw': 3396.0, 'core_spd': 100.0, 'zpn12p': 71.5, 'vib_n1_1_bearing': 0.2, 'vib_n2_1_bearing': 0.625, 'vib_n2_turbine_frame': 1.0, 'flight_phase_CRUISE': 0, 'flight_phase_TAKEOFF': 1, 'flight_phase_CLIMB': 0, 'model_choice': 'average'}, Model: average, Prediction: 1271
2025-04-21 01:29:30,769 - Input: {'flight_cycle': 3000.0, 'egt_probe_average': 777.5, 'fuel_flw': 3396.0, 'core_spd': 100.0, 'zpn12p': 71.5, 'vib_n1_1_bearing': 0.2, 'vib_n2_1_bearing': 0.625, 'vib_n2_turbine_frame': 1.0, 'flight_phase_CRUISE': 0, 'flight_phase_TAKEOFF': 0, 'flight_phase_CLIMB': 1, 'model_choice': 'average'}, Model: average, Prediction: 1193
2025-04-21 01:29:36,001 - Input: {'flight_cycle': 4000.0, 'egt_probe_average': 777.5, 'fuel_flw': 3396.0, 'core_spd': 100.0, 'zpn12p': 71.5, 'vib_n1_1_bearing': 0.2, 'vib_n2_1_bearing': 0.625, 'vib_n2_turbine_frame': 1.0, 'flight_phase_CRUISE': 0, 'flight_phase_TAKEOFF': 0, 'flight_phase_CLIMB': 1, 'model_choice': 'average'}, Model: average, Prediction: 335
2025-04-21 01:29:39,313 - Input: {'flight_cycle': 4000.0, 'egt_probe_average': 777.5, 'fuel_flw': 3396.0, 'core_spd': 100.0, 'zpn12p': 71.5, 'vib_n1_1_bearing': 0.2, 'vib_n2_1_bearing': 0.625, 'vib_n2_turbine_frame': 1.0, 'flight_phase_CRUISE': 0, 'flight_phase_TAKEOFF': 0, 'flight_phase_CLIMB': 1, 'model_choice': 'xgboost'}, Model: xgboost, Prediction: 121
2025-04-21 01:29:41,184 - Input: {'flight_cycle': 4000.0, 'egt_probe_average': 777.5, 'fuel_flw': 3396.0, 'core_spd': 100.0, 'zpn12p': 71.5, 'vib_n1_1_bearing': 0.2, 'vib_n2_1_bearing': 0.625, 'vib_n2_turbine_frame': 1.0, 'flight_phase_CRUISE': 0, 'flight_phase_TAKEOFF': 0, 'flight_phase_CLIMB': 1, 'model_choice': 'extratrees'}, Model: extratrees, Prediction: 466
2025-04-21 01:29:43,638 - Input: {'flight_cycle': 4000.0, 'egt_probe_average': 777.5, 'fuel_flw': 3396.0, 'core_spd': 100.0, 'zpn12p': 71.5, 'vib_n1_1_bearing': 0.2, 'vib_n2_1_bearing': 0.625, 'vib_n2_turbine_frame': 1.0, 'flight_phase_CRUISE': 0, 'flight_phase_TAKEOFF': 0, 'flight_phase_CLIMB': 1, 'model_choice': 'randomforest'}, Model: randomforest, Prediction: 418
2025-04-21 01:29:46,339 - Input: {'flight_cycle': 4000.0, 'egt_probe_average': 777.5, 'fuel_flw': 3396.0, 'core_spd': 100.0, 'zpn12p': 71.5, 'vib_n1_1_bearing': 0.2, 'vib_n2_1_bearing': 0.625, 'vib_n2_turbine_frame': 1.0, 'flight_phase_CRUISE': 0, 'flight_phase_TAKEOFF': 0, 'flight_phase_CLIMB': 1, 'model_choice': 'average'}, Model: average, Prediction: 335
2025-04-21 01:29:51,489 - Input: {'flight_cycle': 4400.0, 'egt_probe_average': 777.5, 'fuel_flw': 3396.0, 'core_spd': 100.0, 'zpn12p': 71.5, 'vib_n1_1_bearing': 0.2, 'vib_n2_1_bearing': 0.625, 'vib_n2_turbine_frame': 1.0, 'flight_phase_CRUISE': 0, 'flight_phase_TAKEOFF': 0, 'flight_phase_CLIMB': 1, 'model_choice': 'average'}, Model: average, Prediction: 17
2025-04-21 01:29:54,010 - Input: {'flight_cycle': 4400.0, 'egt_probe_average': 777.5, 'fuel_flw': 3396.0, 'core_spd': 100.0, 'zpn12p': 71.5, 'vib_n1_1_bearing': 0.2, 'vib_n2_1_bearing': 0.625, 'vib_n2_turbine_frame': 1.0, 'flight_phase_CRUISE': 0, 'flight_phase_TAKEOFF': 0, 'flight_phase_CLIMB': 1, 'model_choice': 'xgboost'}, Model: xgboost, Prediction: -122
2025-04-21 01:29:56,141 - Input: {'flight_cycle': 4400.0, 'egt_probe_average': 777.5, 'fuel_flw': 3396.0, 'core_spd': 100.0, 'zpn12p': 71.5, 'vib_n1_1_bearing': 0.2, 'vib_n2_1_bearing': 0.625, 'vib_n2_turbine_frame': 1.0, 'flight_phase_CRUISE': 0, 'flight_phase_TAKEOFF': 0, 'flight_phase_CLIMB': 1, 'model_choice': 'extratrees'}, Model: extratrees, Prediction: 88
2025-04-21 01:29:57,890 - Input: {'flight_cycle': 4400.0, 'egt_probe_average': 777.5, 'fuel_flw': 3396.0, 'core_spd': 100.0, 'zpn12p': 71.5, 'vib_n1_1_bearing': 0.2, 'vib_n2_1_bearing': 0.625, 'vib_n2_turbine_frame': 1.0, 'flight_phase_CRUISE': 0, 'flight_phase_TAKEOFF': 0, 'flight_phase_CLIMB': 1, 'model_choice': 'randomforest'}, Model: randomforest, Prediction: 84
2025-04-21 01:30:00,786 - Input: {'flight_cycle': 4400.0, 'egt_probe_average': 777.5, 'fuel_flw': 3396.0, 'core_spd': 100.0, 'zpn12p': 71.5, 'vib_n1_1_bearing': 0.2, 'vib_n2_1_bearing': 0.625, 'vib_n2_turbine_frame': 1.0, 'flight_phase_CRUISE': 0, 'flight_phase_TAKEOFF': 0, 'flight_phase_CLIMB': 1, 'model_choice': 'average'}, Model: average, Prediction: 17
2025-04-21 01:30:44,220 - Input: {'flight_cycle': 5000.0, 'egt_probe_average': 777.5, 'fuel_flw': 3396.0, 'core_spd': 100.0, 'zpn12p': 71.5, 'vib_n1_1_bearing': 0.2, 'vib_n2_1_bearing': 0.625, 'vib_n2_turbine_frame': 1.0, 'flight_phase_CRUISE': 0, 'flight_phase_TAKEOFF': 0, 'flight_phase_CLIMB': 1, 'model_choice': 'average'}, Model: average, Prediction: -48
2025-04-21 01:32:11,032 - Input: {'flight_cycle': 5000.0, 'egt_probe_average': 777.5, 'fuel_flw': 3396.0, 'core_spd': 100.0, 'zpn12p': 71.5, 'vib_n1_1_bearing': 0.2, 'vib_n2_1_bearing': 0.625, 'vib_n2_turbine_frame': 1.0, 'flight_phase_CRUISE': 0, 'flight_phase_TAKEOFF': 0, 'flight_phase_CLIMB': 1, 'model_choice': 'average'}, Model: average, Prediction: -48
2025-04-21 01:32:11,656 - Input: {'flight_cycle': 5000.0, 'egt_probe_average': 777.5, 'fuel_flw': 3396.0, 'core_spd': 100.0, 'zpn12p': 71.5, 'vib_n1_1_bearing': 0.2, 'vib_n2_1_bearing': 0.625, 'vib_n2_turbine_frame': 1.0, 'flight_phase_CRUISE': 0, 'flight_phase_TAKEOFF': 0, 'flight_phase_CLIMB': 1, 'model_choice': 'average'}, Model: average, Prediction: -48
2025-04-21 01:32:15,212 - Input: {'flight_cycle': 2500.0, 'egt_probe_average': 777.5, 'fuel_flw': 3396.0, 'core_spd': 100.0, 'zpn12p': 71.5, 'vib_n1_1_bearing': 0.2, 'vib_n2_1_bearing': 0.625, 'vib_n2_turbine_frame': 1.0, 'flight_phase_CRUISE': 1, 'flight_phase_TAKEOFF': 0, 'flight_phase_CLIMB': 0, 'model_choice': 'xgboost'}, Model: xgboost, Prediction: 1723
2025-04-21 01:32:21,244 - Input: {'flight_cycle': 5000.0, 'egt_probe_average': 777.5, 'fuel_flw': 3396.0, 'core_spd': 100.0, 'zpn12p': 71.5, 'vib_n1_1_bearing': 0.2, 'vib_n2_1_bearing': 0.625, 'vib_n2_turbine_frame': 1.0, 'flight_phase_CRUISE': 1, 'flight_phase_TAKEOFF': 0, 'flight_phase_CLIMB': 0, 'model_choice': 'average'}, Model: average, Prediction: -36
2025-04-21 01:33:32,950 - Input: {'flight_cycle': 2500.0, 'egt_probe_average': 777.5, 'fuel_flw': 3396.0, 'core_spd': 100.0, 'zpn12p': 71.5, 'vib_n1_1_bearing': 0.2, 'vib_n2_1_bearing': 0.625, 'vib_n2_turbine_frame': 1.0, 'flight_phase_CRUISE': 1, 'flight_phase_TAKEOFF': 0, 'flight_phase_CLIMB': 0, 'model_choice': 'average'}, Model: average, Prediction: 1820
2025-04-21 01:33:37,124 - Input: {'flight_cycle': 4000.0, 'egt_probe_average': 777.5, 'fuel_flw': 3396.0, 'core_spd': 100.0, 'zpn12p': 71.5, 'vib_n1_1_bearing': 0.2, 'vib_n2_1_bearing': 0.625, 'vib_n2_turbine_frame': 1.0, 'flight_phase_CRUISE': 1, 'flight_phase_TAKEOFF': 0, 'flight_phase_CLIMB': 0, 'model_choice': 'average'}, Model: average, Prediction: 341
2025-04-21 01:36:48,999 - Input: {'flight_cycle': 4000.0, 'egt_probe_average': 777.5, 'fuel_flw': 3396.0, 'core_spd': 100.0, 'zpn12p': 71.5, 'vib_n1_1_bearing': 0.2, 'vib_n2_1_bearing': 0.625, 'vib_n2_turbine_frame': 1.0, 'flight_phase_CRUISE': 1, 'flight_phase_TAKEOFF': 0, 'flight_phase_CLIMB': 0, 'model_choice': 'average'}, Model: average, Prediction: 341
2025-04-21 01:36:49,571 - Input: {'flight_cycle': 4000.0, 'egt_probe_average': 777.5, 'fuel_flw': 3396.0, 'core_spd': 100.0, 'zpn12p': 71.5, 'vib_n1_1_bearing': 0.2, 'vib_n2_1_bearing': 0.625, 'vib_n2_turbine_frame': 1.0, 'flight_phase_CRUISE': 1, 'flight_phase_TAKEOFF': 0, 'flight_phase_CLIMB': 0, 'model_choice': 'average'}, Model: average, Prediction: 341
2025-04-21 01:36:50,001 - Input: {'flight_cycle': 4000.0, 'egt_probe_average': 777.5, 'fuel_flw': 3396.0, 'core_spd': 100.0, 'zpn12p': 71.5, 'vib_n1_1_bearing': 0.2, 'vib_n2_1_bearing': 0.625, 'vib_n2_turbine_frame': 1.0, 'flight_phase_CRUISE': 1, 'flight_phase_TAKEOFF': 0, 'flight_phase_CLIMB': 0, 'model_choice': 'average'}, Model: average, Prediction: 341
2025-04-21 01:36:50,203 - Input: {'flight_cycle': 4000.0, 'egt_probe_average': 777.5, 'fuel_flw': 3396.0, 'core_spd': 100.0, 'zpn12p': 71.5, 'vib_n1_1_bearing': 0.2, 'vib_n2_1_bearing': 0.625, 'vib_n2_turbine_frame': 1.0, 'flight_phase_CRUISE': 1, 'flight_phase_TAKEOFF': 0, 'flight_phase_CLIMB': 0, 'model_choice': 'average'}, Model: average, Prediction: 341
2025-04-21 01:36:50,390 - Input: {'flight_cycle': 4000.0, 'egt_probe_average': 777.5, 'fuel_flw': 3396.0, 'core_spd': 100.0, 'zpn12p': 71.5, 'vib_n1_1_bearing': 0.2, 'vib_n2_1_bearing': 0.625, 'vib_n2_turbine_frame': 1.0, 'flight_phase_CRUISE': 1, 'flight_phase_TAKEOFF': 0, 'flight_phase_CLIMB': 0, 'model_choice': 'average'}, Model: average, Prediction: 341
2025-04-21 01:36:52,519 - Input: {'flight_cycle': 4000.0, 'egt_probe_average': 777.5, 'fuel_flw': 3396.0, 'core_spd': 100.0, 'zpn12p': 71.5, 'vib_n1_1_bearing': 0.2, 'vib_n2_1_bearing': 0.625, 'vib_n2_turbine_frame': 1.0, 'flight_phase_CRUISE': 0, 'flight_phase_TAKEOFF': 1, 'flight_phase_CLIMB': 0, 'model_choice': 'average'}, Model: average, Prediction: 370
2025-04-21 01:36:55,742 - Input: {'flight_cycle': 4000.0, 'egt_probe_average': 777.5, 'fuel_flw': 3396.0, 'core_spd': 100.0, 'zpn12p': 71.5, 'vib_n1_1_bearing': 0.2, 'vib_n2_1_bearing': 0.625, 'vib_n2_turbine_frame': 1.0, 'flight_phase_CRUISE': 0, 'flight_phase_TAKEOFF': 0, 'flight_phase_CLIMB': 1, 'model_choice': 'average'}, Model: average, Prediction: 335
2025-04-24 22:52:59,436 - Input: {'flight_cycle': 2500.0, 'egt_probe_average': 777.5, 'fuel_flw': 3396.0, 'core_spd': 100.0, 'zpn12p': 71.5, 'vib_n1_1_bearing': 0.2, 'vib_n2_1_bearing': 0.625, 'vib_n2_turbine_frame': 1.0, 'flight_phase_CRUISE': 1, 'flight_phase_TAKEOFF': 0, 'flight_phase_CLIMB': 0, 'model_choice': 'xgboost'}, Model: xgboost, Prediction: 2083
2025-04-24 22:53:03,972 - Input: {'flight_cycle': 2500.0, 'egt_probe_average': 777.5, 'fuel_flw': 3396.0, 'core_spd': 100.0, 'zpn12p': 71.5, 'vib_n1_1_bearing': 0.2, 'vib_n2_1_bearing': 0.625, 'vib_n2_turbine_frame': 1.0, 'flight_phase_CRUISE': 1, 'flight_phase_TAKEOFF': 0, 'flight_phase_CLIMB': 0, 'model_choice': 'extratrees'}, Model: extratrees, Prediction: 1871
2025-04-24 22:53:06,547 - Input: {'flight_cycle': 2500.0, 'egt_probe_average': 777.5, 'fuel_flw': 3396.0, 'core_spd': 100.0, 'zpn12p': 71.5, 'vib_n1_1_bearing': 0.2, 'vib_n2_1_bearing': 0.625, 'vib_n2_turbine_frame': 1.0, 'flight_phase_CRUISE': 1, 'flight_phase_TAKEOFF': 0, 'flight_phase_CLIMB': 0, 'model_choice': 'randomforest'}, Model: randomforest, Prediction: 1858
2025-04-24 22:53:09,091 - Input: {'flight_cycle': 2500.0, 'egt_probe_average': 777.5, 'fuel_flw': 3396.0, 'core_spd': 100.0, 'zpn12p': 71.5, 'vib_n1_1_bearing': 0.2, 'vib_n2_1_bearing': 0.625, 'vib_n2_turbine_frame': 1.0, 'flight_phase_CRUISE': 1, 'flight_phase_TAKEOFF': 0, 'flight_phase_CLIMB': 0, 'model_choice': 'average'}, Model: average, Prediction: 1937
2025-04-24 22:53:35,851 - Input: {'flight_cycle': 2500.0, 'egt_probe_average': 777.5, 'fuel_flw': 3396.0, 'core_spd': 100.0, 'zpn12p': 71.5, 'vib_n1_1_bearing': 0.2, 'vib_n2_1_bearing': 0.625, 'vib_n2_turbine_frame': 1.0, 'flight_phase_CRUISE': 1, 'flight_phase_TAKEOFF': 0, 'flight_phase_CLIMB': 0, 'model_choice': 'xgboost'}, Model: xgboost, Prediction: 2083
2025-04-24 22:53:39,902 - Input: {'flight_cycle': 2500.0, 'egt_probe_average': 777.5, 'fuel_flw': 3396.0, 'core_spd': 100.0, 'zpn12p': 71.5, 'vib_n1_1_bearing': 0.2, 'vib_n2_1_bearing': 0.625, 'vib_n2_turbine_frame': 1.0, 'flight_phase_CRUISE': 1, 'flight_phase_TAKEOFF': 0, 'flight_phase_CLIMB': 0, 'model_choice': 'average'}, Model: average, Prediction: 1937
2025-04-24 22:57:07,393 - Input: {'flight_cycle': 0.0, 'egt_probe_average': 777.5, 'fuel_flw': 3396.0, 'core_spd': 100.0, 'zpn12p': 71.5, 'vib_n1_1_bearing': 0.2, 'vib_n2_1_bearing': 0.625, 'vib_n2_turbine_frame': 1.0, 'flight_phase_CRUISE': 1, 'flight_phase_TAKEOFF': 0, 'flight_phase_CLIMB': 0, 'model_choice': 'average'}, Model: average, Prediction: 4478
2025-04-24 22:59:20,059 - Input: {'flight_cycle': 2500.0, 'egt_probe_average': 777.5, 'fuel_flw': 3396.0, 'core_spd': 100.0, 'zpn12p': 71.5, 'vib_n1_1_bearing': 0.2, 'vib_n2_1_bearing': 0.625, 'vib_n2_turbine_frame': 1.0, 'flight_phase_CRUISE': 1, 'flight_phase_TAKEOFF': 0, 'flight_phase_CLIMB': 0, 'model_choice': 'average'}, Model: average, Prediction: 1937
2025-04-24 22:59:23,056 - Input: {'flight_cycle': 2500.0, 'egt_probe_average': 777.5, 'fuel_flw': 3396.0, 'core_spd': 100.0, 'zpn12p': 71.5, 'vib_n1_1_bearing': 0.2, 'vib_n2_1_bearing': 0.625, 'vib_n2_turbine_frame': 1.0, 'flight_phase_CRUISE': 0, 'flight_phase_TAKEOFF': 1, 'flight_phase_CLIMB': 0, 'model_choice': 'average'}, Model: average, Prediction: 1954
2025-04-24 22:59:26,856 - Input: {'flight_cycle': 2500.0, 'egt_probe_average': 777.5, 'fuel_flw': 3396.0, 'core_spd': 100.0, 'zpn12p': 71.5, 'vib_n1_1_bearing': 0.2, 'vib_n2_1_bearing': 0.625, 'vib_n2_turbine_frame': 1.0, 'flight_phase_CRUISE': 0, 'flight_phase_TAKEOFF': 0, 'flight_phase_CLIMB': 1, 'model_choice': 'average'}, Model: average, Prediction: 1933
2025-04-24 22:59:35,374 - Input: {'flight_cycle': 4000.0, 'egt_probe_average': 777.5, 'fuel_flw': 3396.0, 'core_spd': 100.0, 'zpn12p': 71.5, 'vib_n1_1_bearing': 0.2, 'vib_n2_1_bearing': 0.625, 'vib_n2_turbine_frame': 1.0, 'flight_phase_CRUISE': 0, 'flight_phase_TAKEOFF': 0, 'flight_phase_CLIMB': 1, 'model_choice': 'average'}, Model: average, Prediction: 409
2025-04-24 22:59:40,842 - Input: {'flight_cycle': 4500.0, 'egt_probe_average': 777.5, 'fuel_flw': 3396.0, 'core_spd': 100.0, 'zpn12p': 71.5, 'vib_n1_1_bearing': 0.2, 'vib_n2_1_bearing': 0.625, 'vib_n2_turbine_frame': 1.0, 'flight_phase_CRUISE': 0, 'flight_phase_TAKEOFF': 0, 'flight_phase_CLIMB': 1, 'model_choice': 'average'}, Model: average, Prediction: 17
2025-04-24 22:59:45,163 - Input: {'flight_cycle': 4500.0, 'egt_probe_average': 777.5, 'fuel_flw': 3396.0, 'core_spd': 100.0, 'zpn12p': 71.5, 'vib_n1_1_bearing': 0.2, 'vib_n2_1_bearing': 0.625, 'vib_n2_turbine_frame': 1.0, 'flight_phase_CRUISE': 0, 'flight_phase_TAKEOFF': 0, 'flight_phase_CLIMB': 1, 'model_choice': 'xgboost'}, Model: xgboost, Prediction: 0
2025-04-24 22:59:47,780 - Input: {'flight_cycle': 4500.0, 'egt_probe_average': 777.5, 'fuel_flw': 3396.0, 'core_spd': 100.0, 'zpn12p': 71.5, 'vib_n1_1_bearing': 0.2, 'vib_n2_1_bearing': 0.625, 'vib_n2_turbine_frame': 1.0, 'flight_phase_CRUISE': 0, 'flight_phase_TAKEOFF': 0, 'flight_phase_CLIMB': 1, 'model_choice': 'extratrees'}, Model: extratrees, Prediction: 33
2025-04-24 22:59:49,997 - Input: {'flight_cycle': 4500.0, 'egt_probe_average': 777.5, 'fuel_flw': 3396.0, 'core_spd': 100.0, 'zpn12p': 71.5, 'vib_n1_1_bearing': 0.2, 'vib_n2_1_bearing': 0.625, 'vib_n2_turbine_frame': 1.0, 'flight_phase_CRUISE': 0, 'flight_phase_TAKEOFF': 0, 'flight_phase_CLIMB': 1, 'model_choice': 'randomforest'}, Model: randomforest, Prediction: 17
2025-04-24 22:59:55,115 - Input: {'flight_cycle': 5000.0, 'egt_probe_average': 777.5, 'fuel_flw': 3396.0, 'core_spd': 100.0, 'zpn12p': 71.5, 'vib_n1_1_bearing': 0.2, 'vib_n2_1_bearing': 0.625, 'vib_n2_turbine_frame': 1.0, 'flight_phase_CRUISE': 0, 'flight_phase_TAKEOFF': 0, 'flight_phase_CLIMB': 1, 'model_choice': 'randomforest'}, Model: randomforest, Prediction: 17
2025-04-24 22:59:57,042 - Input: {'flight_cycle': 5000.0, 'egt_probe_average': 777.5, 'fuel_flw': 3396.0, 'core_spd': 100.0, 'zpn12p': 71.5, 'vib_n1_1_bearing': 0.2, 'vib_n2_1_bearing': 0.625, 'vib_n2_turbine_frame': 1.0, 'flight_phase_CRUISE': 0, 'flight_phase_TAKEOFF': 0, 'flight_phase_CLIMB': 1, 'model_choice': 'xgboost'}, Model: xgboost, Prediction: -23
2025-04-24 23:00:19,008 - Input: {'flight_cycle': 5000.0, 'egt_probe_average': 777.5, 'fuel_flw': 3396.0, 'core_spd': 100.0, 'zpn12p': 71.5, 'vib_n1_1_bearing': 0.2, 'vib_n2_1_bearing': 0.625, 'vib_n2_turbine_frame': 1.0, 'flight_phase_CRUISE': 0, 'flight_phase_TAKEOFF': 0, 'flight_phase_CLIMB': 1, 'model_choice': 'extratrees'}, Model: extratrees, Prediction: 23
2025-04-24 23:00:23,648 - Input: {'flight_cycle': 5000.0, 'egt_probe_average': 777.5, 'fuel_flw': 3396.0, 'core_spd': 100.0, 'zpn12p': 71.5, 'vib_n1_1_bearing': 0.2, 'vib_n2_1_bearing': 0.625, 'vib_n2_turbine_frame': 1.0, 'flight_phase_CRUISE': 0, 'flight_phase_TAKEOFF': 0, 'flight_phase_CLIMB': 1, 'model_choice': 'randomforest'}, Model: randomforest, Prediction: 17
2025-04-24 23:00:25,448 - Input: {'flight_cycle': 5000.0, 'egt_probe_average': 777.5, 'fuel_flw': 3396.0, 'core_spd': 100.0, 'zpn12p': 71.5, 'vib_n1_1_bearing': 0.2, 'vib_n2_1_bearing': 0.625, 'vib_n2_turbine_frame': 1.0, 'flight_phase_CRUISE': 0, 'flight_phase_TAKEOFF': 0, 'flight_phase_CLIMB': 1, 'model_choice': 'average'}, Model: average, Prediction: 6
